Header = {
  "action": "play_cards",
  "actionToken": "1760106871505",
  "data": {
    "cards": [
      0
    ],
    "nodeId": ""
  }
}

Response = {
    "success": true,
    "message": "Cards played successfully.",
    "data": {
        "doc": {
            "_id": "68e9192a5b35e9431632ecf9",
            "docId": "4613203",
            "docType": "FISHING_GAME",
            "data": {
                "deckCardData": [
                    {
                        "id": 1,
                        "startingAmount": 1,
                        "manaCost": 1,
                        "hitZones": [
                            1,
                            2,
                            3
                        ],
                        "critZones": [],
                        "hitEffects": [
                            {
                                "type": "FISH_HP",
                                "amount": 5
                            }
                        ],
                        "missEffects": [
                            {
                                "type": "FISH_HP",
                                "amount": -3
                            }
                        ],
                        "critEffects": [],
                        "unlockLevel": 0,
                        "rarity": 0,
                        "isDayCard": false,
                        "earnable": false
                    },
                    {
                        "id": 2,
                        "startingAmount": 1,
                        "manaCost": 1,
                        "hitZones": [
                            4,
                            5,
                            6
                        ],
                        "critZones": [],
                        "hitEffects": [
                            {
                                "type": "FISH_HP",
                                "amount": 5
                            }
                        ],
                        "missEffects": [
                            {
                                "type": "FISH_HP",
                                "amount": -3
                            }
                        ],
                        "critEffects": [],
                        "unlockLevel": 0,
                        "rarity": 0,
                        "isDayCard": false,
                        "earnable": false
                    },
                    {
                        "id": 3,
                        "startingAmount": 1,
                        "manaCost": 1,
                        "hitZones": [
                            7,
                            8,
                            9
                        ],
                        "critZones": [],
                        "hitEffects": [
                            {
                                "type": "FISH_HP",
                                "amount": 5
                            }
                        ],
                        "missEffects": [
                            {
                                "type": "FISH_HP",
                                "amount": -3
                            }
                        ],
                        "critEffects": [],
                        "unlockLevel": 0,
                        "rarity": 0,
                        "isDayCard": false,
                        "earnable": false
                    },
                    {
                        "id": 4,
                        "startingAmount": 1,
                        "manaCost": 1,
                        "hitZones": [
                            1,
                            4,
                            7
                        ],
                        "critZones": [],
                        "hitEffects": [
                            {
                                "type": "FISH_HP",
                                "amount": 5
                            }
                        ],
                        "missEffects": [
                            {
                                "type": "FISH_HP",
                                "amount": -3
                            }
                        ],
                        "critEffects": [],
                        "unlockLevel": 0,
                        "rarity": 0,
                        "isDayCard": false,
                        "earnable": false
                    },
                    {
                        "id": 5,
                        "startingAmount": 1,
                        "manaCost": 1,
                        "hitZones": [
                            2,
                            5,
                            8
                        ],
                        "critZones": [],
                        "hitEffects": [
                            {
                                "type": "FISH_HP",
                                "amount": 5
                            }
                        ],
                        "missEffects": [
                            {
                                "type": "FISH_HP",
                                "amount": -3
                            }
                        ],
                        "critEffects": [],
                        "unlockLevel": 0,
                        "rarity": 0,
                        "isDayCard": false,
                        "earnable": false
                    },
                    {
                        "id": 6,
                        "startingAmount": 1,
                        "manaCost": 1,
                        "hitZones": [
                            3,
                            6,
                            9
                        ],
                        "critZones": [],
                        "hitEffects": [
                            {
                                "type": "FISH_HP",
                                "amount": 5
                            }
                        ],
                        "missEffects": [
                            {
                                "type": "FISH_HP",
                                "amount": -3
                            }
                        ],
                        "critEffects": [],
                        "unlockLevel": 0,
                        "rarity": 0,
                        "isDayCard": false,
                        "earnable": false
                    },
                    {
                        "id": 7,
                        "startingAmount": 1,
                        "manaCost": 1,
                        "hitZones": [
                            1,
                            3,
                            7,
                            9
                        ],
                        "critZones": [],
                        "hitEffects": [
                            {
                                "type": "FISH_HP",
                                "amount": 6
                            }
                        ],
                        "missEffects": [
                            {
                                "type": "FISH_HP",
                                "amount": -3
                            }
                        ],
                        "critEffects": [],
                        "unlockLevel": 0,
                        "rarity": 0,
                        "isDayCard": false,
                        "earnable": true
                    },
                    {
                        "id": 8,
                        "startingAmount": 1,
                        "manaCost": 1,
                        "hitZones": [
                            2,
                            4,
                            6,
                            8
                        ],
                        "critZones": [],
                        "hitEffects": [
                            {
                                "type": "FISH_HP",
                                "amount": 5
                            }
                        ],
                        "missEffects": [
                            {
                                "type": "FISH_HP",
                                "amount": -5
                            }
                        ],
                        "critEffects": [],
                        "unlockLevel": 0,
                        "rarity": 1,
                        "isDayCard": false,
                        "earnable": true
                    },
                    {
                        "id": 9,
                        "startingAmount": 1,
                        "manaCost": 1,
                        "hitZones": [
                            1,
                            2,
                            3,
                            4,
                            6,
                            7,
                            8,
                            9
                        ],
                        "critZones": [],
                        "hitEffects": [
                            {
                                "type": "FISH_HP",
                                "amount": 2
                            }
                        ],
                        "missEffects": [
                            {
                                "type": "FISH_HP",
                                "amount": -4
                            }
                        ],
                        "critEffects": [],
                        "unlockLevel": 0,
                        "rarity": 0,
                        "isDayCard": false,
                        "earnable": true
                    },
                    {
                        "id": 10,
                        "startingAmount": 1,
                        "manaCost": 1,
                        "hitZones": [],
                        "critZones": [
                            5
                        ],
                        "hitEffects": [],
                        "missEffects": [
                            {
                                "type": "FISH_HP",
                                "amount": -5
                            }
                        ],
                        "critEffects": [
                            {
                                "type": "FISH_HP",
                                "amount": 10
                            }
                        ],
                        "unlockLevel": 0,
                        "rarity": 0,
                        "isDayCard": false,
                        "earnable": true
                    },
                    {
                        "id": 17,
                        "startingAmount": 0,
                        "manaCost": 0,
                        "hitZones": [
                            1,
                            2,
                            3,
                            4,
                            5,
                            6,
                            7,
                            8,
                            9
                        ],
                        "critZones": [],
                        "hitEffects": [
                            {
                                "type": "FISH_HP",
                                "amount": 2
                            }
                        ],
                        "missEffects": [],
                        "critEffects": [],
                        "unlockLevel": 0,
                        "rarity": 1,
                        "isDayCard": true,
                        "earnable": true
                    }
                ],
                "playerMaxHp": 6,
                "playerHp": 3,
                "fishHp": 0,
                "fishMaxHp": 19,
                "fishPosition": [
                    1,
                    3
                ],
                "previousFishPosition": [
                    2,
                    1
                ],
                "fullDeck": [
                    1,
                    2,
                    3,
                    4,
                    5,
                    6,
                    7,
                    8,
                    9,
                    10,
                    17
                ],
                "nextCardIndex": 6,
                "cardInDrawPile": 5,
                "hand": [
                    4,
                    17,
                    2
                ],
                "discard": [
                    1,
                    8,
                    7
                ],
                "jebaitorTriggered": false,
                "day": 20370,
                "week": 39,
                "caughtFish": {
                    "gameItemId": 265,
                    "name": "Pike",
                    "rarity": 0,
                    "size": "LG",
                    "startDate": null,
                    "endDate": null,
                    "moveDistances": [
                        1
                    ],
                    "levelRequired": 0,
                    "quality": 1,
                    "sizes": {
                        "weight": 37.17,
                        "length": 119.73,
                        "girth": 25.78
                    },
                    "plusOneRarity": false,
                    "plusOneQuality": false,
                    "doubled": false,
                    "findexResult": {
                        "newFish": false,
                        "newLength": true,
                        "newGirth": false,
                        "newWeight": false,
                        "newQuality": false,
                        "totalCaught": 4
                    },
                    "seaweedEarned": 0
                },
                "cardsToAdd": [
                    {
                        "id": 37,
                        "startingAmount": 0,
                        "manaCost": 1,
                        "hitZones": [
                            3,
                            6,
                            9
                        ],
                        "critZones": [
                            8
                        ],
                        "hitEffects": [
                            {
                                "type": "FISH_HP",
                                "amount": 5
                            }
                        ],
                        "missEffects": [
                            {
                                "type": "FISH_HP",
                                "amount": -3
                            }
                        ],
                        "critEffects": [
                            {
                                "type": "FISH_HP",
                                "amount": 8
                            }
                        ],
                        "unlockLevel": 0,
                        "rarity": 0,
                        "isDayCard": false,
                        "earnable": true
                    },
                    {
                        "id": 10,
                        "startingAmount": 1,
                        "manaCost": 1,
                        "hitZones": [],
                        "critZones": [
                            5
                        ],
                        "hitEffects": [],
                        "missEffects": [
                            {
                                "type": "FISH_HP",
                                "amount": -5
                            }
                        ],
                        "critEffects": [
                            {
                                "type": "FISH_HP",
                                "amount": 10
                            }
                        ],
                        "unlockLevel": 0,
                        "rarity": 0,
                        "isDayCard": false,
                        "earnable": true
                    },
                    {
                        "id": 34,
                        "startingAmount": 0,
                        "manaCost": 1,
                        "hitZones": [
                            7,
                            8,
                            9
                        ],
                        "critZones": [
                            6
                        ],
                        "hitEffects": [
                            {
                                "type": "FISH_HP",
                                "amount": 5
                            }
                        ],
                        "missEffects": [
                            {
                                "type": "FISH_HP",
                                "amount": -3
                            }
                        ],
                        "critEffects": [
                            {
                                "type": "FISH_HP",
                                "amount": 8
                            }
                        ],
                        "unlockLevel": 0,
                        "rarity": 0,
                        "isDayCard": false,
                        "earnable": true
                    }
                ]
            },
            "COMPLETE_CID": true,
            "LEVEL_CID": 0,
            "ID_CID": "0",
            "PLAYER_CID": "0xedd103d303e2a93751ea6b103558aabf8e30b091",
            "GEAR_CID_array": [],
            "DAY_CID": 20370,
            "createdAt": "2025-10-10T14:33:14.834Z",
            "updatedAt": "2025-10-10T14:34:36.202Z",
            "__v": 0,
            "SUCCESS_CID": true
        },
        "events": [
            {
                "type": "FISH_MOVED",
                "value": 3,
                "playerId": -1,
                "batch": 0,
                "data": {}
            },
            {
                "type": "CARD_PLAYED",
                "value": 0,
                "playerId": 0,
                "batch": 1,
                "data": {
                    "result": 1
                }
            },
            {
                "type": "HIT",
                "value": 6,
                "playerId": 0,
                "batch": 1,
                "data": {
                    "result": 2
                }
            },
            {
                "type": "FISH_HP_DIFF",
                "value": 6,
                "playerId": 0,
                "batch": 1,
                "data": {
                    "result": 0
                }
            },
            {
                "type": "NEW_HAND",
                "value": [
                    4,
                    17,
                    2
                ],
                "playerId": -1,
                "batch": 2,
                "data": {}
            },
            {
                "type": "FISH_DIED",
                "value": 265,
                "playerId": 0,
                "batch": 3,
                "data": {
                    "fish": {
                        "gameItemId": 265,
                        "name": "Pike",
                        "rarity": 0,
                        "size": "LG",
                        "startDate": null,
                        "endDate": null,
                        "moveDistances": [
                            1
                        ],
                        "levelRequired": 0,
                        "quality": 1,
                        "sizes": {
                            "weight": 37.17,
                            "length": 119.73,
                            "girth": 25.78
                        },
                        "plusOneRarity": false,
                        "plusOneQuality": false,
                        "doubled": false,
                        "findexResult": {
                            "newFish": false,
                            "newLength": true,
                            "newGirth": false,
                            "newWeight": false,
                            "newQuality": false,
                            "totalCaught": 4
                        },
                        "seaweedEarned": 0
                    }
                }
            }
        ]
    },
    "gameItemBalanceChanges": [
        {
            "id": 265,
            "amount": 1,
            "gearInstanceId": "",
            "rarity": -1
        }
    ],
    "actionToken": 1760106876173
}