Headers = {
  "action": "start_run",
  "actionToken": "",
  "data": {
    "cards": [],
    "nodeId": "0"
  }
}

Response = {
    "success": true,
    "message": "Game started successfully.",
    "data": {
        "doc": {
            "docId": "4613160",
            "docType": "FISHING_GAME",
            "data": {
                "deckCardData": [
                    {
                        "id": 1,
                        "startingAmount": 1,
                        "manaCost": 1,
                        "hitZones": [
                            1,
                            2,
                            3
                        ],
                        "critZones": [],
                        "hitEffects": [
                            {
                                "type": "FISH_HP",
                                "amount": 5
                            }
                        ],
                        "missEffects": [
                            {
                                "type": "FISH_HP",
                                "amount": -3
                            }
                        ],
                        "critEffects": [],
                        "unlockLevel": 0,
                        "rarity": 0,
                        "isDayCard": false,
                        "earnable": false
                    },
                    {
                        "id": 2,
                        "startingAmount": 1,
                        "manaCost": 1,
                        "hitZones": [
                            4,
                            5,
                            6
                        ],
                        "critZones": [],
                        "hitEffects": [
                            {
                                "type": "FISH_HP",
                                "amount": 5
                            }
                        ],
                        "missEffects": [
                            {
                                "type": "FISH_HP",
                                "amount": -3
                            }
                        ],
                        "critEffects": [],
                        "unlockLevel": 0,
                        "rarity": 0,
                        "isDayCard": false,
                        "earnable": false
                    },
                    {
                        "id": 3,
                        "startingAmount": 1,
                        "manaCost": 1,
                        "hitZones": [
                            7,
                            8,
                            9
                        ],
                        "critZones": [],
                        "hitEffects": [
                            {
                                "type": "FISH_HP",
                                "amount": 5
                            }
                        ],
                        "missEffects": [
                            {
                                "type": "FISH_HP",
                                "amount": -3
                            }
                        ],
                        "critEffects": [],
                        "unlockLevel": 0,
                        "rarity": 0,
                        "isDayCard": false,
                        "earnable": false
                    },
                    {
                        "id": 4,
                        "startingAmount": 1,
                        "manaCost": 1,
                        "hitZones": [
                            1,
                            4,
                            7
                        ],
                        "critZones": [],
                        "hitEffects": [
                            {
                                "type": "FISH_HP",
                                "amount": 5
                            }
                        ],
                        "missEffects": [
                            {
                                "type": "FISH_HP",
                                "amount": -3
                            }
                        ],
                        "critEffects": [],
                        "unlockLevel": 0,
                        "rarity": 0,
                        "isDayCard": false,
                        "earnable": false
                    },
                    {
                        "id": 5,
                        "startingAmount": 1,
                        "manaCost": 1,
                        "hitZones": [
                            2,
                            5,
                            8
                        ],
                        "critZones": [],
                        "hitEffects": [
                            {
                                "type": "FISH_HP",
                                "amount": 5
                            }
                        ],
                        "missEffects": [
                            {
                                "type": "FISH_HP",
                                "amount": -3
                            }
                        ],
                        "critEffects": [],
                        "unlockLevel": 0,
                        "rarity": 0,
                        "isDayCard": false,
                        "earnable": false
                    },
                    {
                        "id": 6,
                        "startingAmount": 1,
                        "manaCost": 1,
                        "hitZones": [
                            3,
                            6,
                            9
                        ],
                        "critZones": [],
                        "hitEffects": [
                            {
                                "type": "FISH_HP",
                                "amount": 5
                            }
                        ],
                        "missEffects": [
                            {
                                "type": "FISH_HP",
                                "amount": -3
                            }
                        ],
                        "critEffects": [],
                        "unlockLevel": 0,
                        "rarity": 0,
                        "isDayCard": false,
                        "earnable": false
                    },
                    {
                        "id": 7,
                        "startingAmount": 1,
                        "manaCost": 1,
                        "hitZones": [
                            1,
                            3,
                            7,
                            9
                        ],
                        "critZones": [],
                        "hitEffects": [
                            {
                                "type": "FISH_HP",
                                "amount": 6
                            }
                        ],
                        "missEffects": [
                            {
                                "type": "FISH_HP",
                                "amount": -3
                            }
                        ],
                        "critEffects": [],
                        "unlockLevel": 0,
                        "rarity": 0,
                        "isDayCard": false,
                        "earnable": true
                    },
                    {
                        "id": 8,
                        "startingAmount": 1,
                        "manaCost": 1,
                        "hitZones": [
                            2,
                            4,
                            6,
                            8
                        ],
                        "critZones": [],
                        "hitEffects": [
                            {
                                "type": "FISH_HP",
                                "amount": 5
                            }
                        ],
                        "missEffects": [
                            {
                                "type": "FISH_HP",
                                "amount": -5
                            }
                        ],
                        "critEffects": [],
                        "unlockLevel": 0,
                        "rarity": 1,
                        "isDayCard": false,
                        "earnable": true
                    },
                    {
                        "id": 9,
                        "startingAmount": 1,
                        "manaCost": 1,
                        "hitZones": [
                            1,
                            2,
                            3,
                            4,
                            6,
                            7,
                            8,
                            9
                        ],
                        "critZones": [],
                        "hitEffects": [
                            {
                                "type": "FISH_HP",
                                "amount": 2
                            }
                        ],
                        "missEffects": [
                            {
                                "type": "FISH_HP",
                                "amount": -4
                            }
                        ],
                        "critEffects": [],
                        "unlockLevel": 0,
                        "rarity": 0,
                        "isDayCard": false,
                        "earnable": true
                    },
                    {
                        "id": 10,
                        "startingAmount": 1,
                        "manaCost": 1,
                        "hitZones": [],
                        "critZones": [
                            5
                        ],
                        "hitEffects": [],
                        "missEffects": [
                            {
                                "type": "FISH_HP",
                                "amount": -5
                            }
                        ],
                        "critEffects": [
                            {
                                "type": "FISH_HP",
                                "amount": 10
                            }
                        ],
                        "unlockLevel": 0,
                        "rarity": 0,
                        "isDayCard": false,
                        "earnable": true
                    }
                ],
                "playerMaxHp": 6,
                "playerHp": 6,
                "fishHp": 9,
                "fishMaxHp": 15,
                "fishPosition": [
                    3,
                    3
                ],
                "previousFishPosition": [
                    3,
                    3
                ],
                "fullDeck": [
                    1,
                    2,
                    3,
                    4,
                    5,
                    6,
                    7,
                    8,
                    9,
                    10
                ],
                "nextCardIndex": 3,
                "cardInDrawPile": 7,
                "hand": [
                    8,
                    10,
                    6
                ],
                "discard": [],
                "jebaitorTriggered": false,
                "day": 20370,
                "week": 39
            },
            "COMPLETE_CID": false,
            "LEVEL_CID": 0,
            "ID_CID": "0",
            "PLAYER_CID": "0xedd103d303e2a93751ea6b103558aabf8e30b091",
            "GEAR_CID_array": [],
            "DAY_CID": 20370,
            "_id": "68e918241b8ae4b0b960d335",
            "createdAt": "2025-10-10T14:28:52.677Z",
            "updatedAt": "2025-10-10T14:28:52.677Z",
            "__v": 0
        },
        "events": []
    },
    "actionToken": 1760106533395
}