header = {
  "action": "play_cards",
  "actionToken": "1760359401214",
  "data": {
    "cards": [],
    "nodeId": ""
  }
}

payload = {
    "success": true,
    "message": "Cards played successfully.",
    "data": {
        "doc": {
            "_id": "68ecf3e8e722c1008e3e71d2",
            "docId": "4806883",
            "docType": "FISHING_GAME",
            "data": {
                "deckCardData": [
                    {
                        "id": 1,
                        "startingAmount": 1,
                        "manaCost": 1,
                        "hitZones": [
                            1,
                            2,
                            3
                        ],
                        "critZones": [],
                        "hitEffects": [
                            {
                                "type": "FISH_HP",
                                "amount": 5
                            }
                        ],
                        "missEffects": [
                            {
                                "type": "FISH_HP",
                                "amount": -3
                            }
                        ],
                        "critEffects": [],
                        "unlockLevel": 0,
                        "rarity": 0,
                        "isDayCard": false,
                        "earnable": false
                    },
                    {
                        "id": 2,
                        "startingAmount": 1,
                        "manaCost": 1,
                        "hitZones": [
                            4,
                            5,
                            6
                        ],
                        "critZones": [],
                        "hitEffects": [
                            {
                                "type": "FISH_HP",
                                "amount": 5
                            }
                        ],
                        "missEffects": [
                            {
                                "type": "FISH_HP",
                                "amount": -3
                            }
                        ],
                        "critEffects": [],
                        "unlockLevel": 0,
                        "rarity": 0,
                        "isDayCard": false,
                        "earnable": false
                    },
                    {
                        "id": 3,
                        "startingAmount": 1,
                        "manaCost": 1,
                        "hitZones": [
                            7,
                            8,
                            9
                        ],
                        "critZones": [],
                        "hitEffects": [
                            {
                                "type": "FISH_HP",
                                "amount": 5
                            }
                        ],
                        "missEffects": [
                            {
                                "type": "FISH_HP",
                                "amount": -3
                            }
                        ],
                        "critEffects": [],
                        "unlockLevel": 0,
                        "rarity": 0,
                        "isDayCard": false,
                        "earnable": false
                    },
                    {
                        "id": 4,
                        "startingAmount": 1,
                        "manaCost": 1,
                        "hitZones": [
                            1,
                            4,
                            7
                        ],
                        "critZones": [],
                        "hitEffects": [
                            {
                                "type": "FISH_HP",
                                "amount": 5
                            }
                        ],
                        "missEffects": [
                            {
                                "type": "FISH_HP",
                                "amount": -3
                            }
                        ],
                        "critEffects": [],
                        "unlockLevel": 0,
                        "rarity": 0,
                        "isDayCard": false,
                        "earnable": false
                    },
                    {
                        "id": 5,
                        "startingAmount": 1,
                        "manaCost": 1,
                        "hitZones": [
                            2,
                            5,
                            8
                        ],
                        "critZones": [],
                        "hitEffects": [
                            {
                                "type": "FISH_HP",
                                "amount": 5
                            }
                        ],
                        "missEffects": [
                            {
                                "type": "FISH_HP",
                                "amount": -3
                            }
                        ],
                        "critEffects": [],
                        "unlockLevel": 0,
                        "rarity": 0,
                        "isDayCard": false,
                        "earnable": false
                    },
                    {
                        "id": 6,
                        "startingAmount": 1,
                        "manaCost": 1,
                        "hitZones": [
                            3,
                            6,
                            9
                        ],
                        "critZones": [],
                        "hitEffects": [
                            {
                                "type": "FISH_HP",
                                "amount": 5
                            }
                        ],
                        "missEffects": [
                            {
                                "type": "FISH_HP",
                                "amount": -3
                            }
                        ],
                        "critEffects": [],
                        "unlockLevel": 0,
                        "rarity": 0,
                        "isDayCard": false,
                        "earnable": false
                    },
                    {
                        "id": 7,
                        "startingAmount": 1,
                        "manaCost": 1,
                        "hitZones": [
                            1,
                            3,
                            7,
                            9
                        ],
                        "critZones": [],
                        "hitEffects": [
                            {
                                "type": "FISH_HP",
                                "amount": 6
                            }
                        ],
                        "missEffects": [
                            {
                                "type": "FISH_HP",
                                "amount": -3
                            }
                        ],
                        "critEffects": [],
                        "unlockLevel": 0,
                        "rarity": 0,
                        "isDayCard": false,
                        "earnable": true
                    },
                    {
                        "id": 8,
                        "startingAmount": 1,
                        "manaCost": 1,
                        "hitZones": [
                            2,
                            4,
                            6,
                            8
                        ],
                        "critZones": [],
                        "hitEffects": [
                            {
                                "type": "FISH_HP",
                                "amount": 5
                            }
                        ],
                        "missEffects": [
                            {
                                "type": "FISH_HP",
                                "amount": -5
                            }
                        ],
                        "critEffects": [],
                        "unlockLevel": 0,
                        "rarity": 1,
                        "isDayCard": false,
                        "earnable": true
                    },
                    {
                        "id": 9,
                        "startingAmount": 1,
                        "manaCost": 1,
                        "hitZones": [
                            1,
                            2,
                            3,
                            4,
                            6,
                            7,
                            8,
                            9
                        ],
                        "critZones": [],
                        "hitEffects": [
                            {
                                "type": "FISH_HP",
                                "amount": 2
                            }
                        ],
                        "missEffects": [
                            {
                                "type": "FISH_HP",
                                "amount": -4
                            }
                        ],
                        "critEffects": [],
                        "unlockLevel": 0,
                        "rarity": 0,
                        "isDayCard": false,
                        "earnable": true
                    },
                    {
                        "id": 10,
                        "startingAmount": 1,
                        "manaCost": 1,
                        "hitZones": [],
                        "critZones": [
                            5
                        ],
                        "hitEffects": [],
                        "missEffects": [
                            {
                                "type": "FISH_HP",
                                "amount": -5
                            }
                        ],
                        "critEffects": [
                            {
                                "type": "FISH_HP",
                                "amount": 10
                            }
                        ],
                        "unlockLevel": 0,
                        "rarity": 0,
                        "isDayCard": false,
                        "earnable": true
                    },
                    {
                        "id": 13,
                        "startingAmount": 0,
                        "manaCost": 2,
                        "hitZones": [
                            1,
                            3,
                            7,
                            9
                        ],
                        "critZones": [
                            5
                        ],
                        "hitEffects": [
                            {
                                "type": "FISH_HP",
                                "amount": 10
                            }
                        ],
                        "missEffects": [
                            {
                                "type": "FISH_HP",
                                "amount": -6
                            }
                        ],
                        "critEffects": [
                            {
                                "type": "FISH_HP",
                                "amount": 12
                            }
                        ],
                        "unlockLevel": 0,
                        "rarity": 2,
                        "isDayCard": true,
                        "earnable": true
                    },
                    {
                        "id": 17,
                        "startingAmount": 0,
                        "manaCost": 0,
                        "hitZones": [
                            1,
                            2,
                            3,
                            4,
                            5,
                            6,
                            7,
                            8,
                            9
                        ],
                        "critZones": [],
                        "hitEffects": [
                            {
                                "type": "FISH_HP",
                                "amount": 2
                            }
                        ],
                        "missEffects": [],
                        "critEffects": [],
                        "unlockLevel": 0,
                        "rarity": 1,
                        "isDayCard": true,
                        "earnable": true
                    }
                ],
                "playerMaxHp": 6,
                "playerHp": 3,
                "fishHp": 9,
                "fishMaxHp": 14,
                "fishPosition": [
                    1,
                    2
                ],
                "previousFishPosition": [
                    1,
                    3
                ],
                "fullDeck": [
                    1,
                    2,
                    3,
                    4,
                    5,
                    6,
                    7,
                    8,
                    9,
                    10,
                    13,
                    17
                ],
                "nextCardIndex": 6,
                "cardInDrawPile": 6,
                "hand": [
                    7,
                    6,
                    10
                ],
                "discard": [
                    5,
                    4,
                    3
                ],
                "jebaitorTriggered": false,
                "day": 20373,
                "week": 40
            },
            "COMPLETE_CID": false,
            "LEVEL_CID": 0,
            "ID_CID": "2",
            "PLAYER_CID": "0xccc3f874b0978114420332660a6e498dc07e5e7b",
            "GEAR_CID_array": [],
            "DAY_CID": 20373,
            "createdAt": "2025-10-13T12:43:20.800Z",
            "updatedAt": "2025-10-13T12:43:23.620Z",
            "__v": 0
        },
        "events": [
            {
                "type": "FISH_MOVED",
                "value": 2,
                "playerId": -1,
                "batch": 0,
                "data": {}
            },
            {
                "type": "NEW_HAND",
                "value": [
                    7,
                    6,
                    10
                ],
                "playerId": -1,
                "batch": 1,
                "data": {}
            }
        ]
    },
    "gameItemBalanceChanges": [],
    "actionToken": 1760359404238
}